<?xml version="1.0" encoding="UTF-8"?>
<!-- Generated by org.testng.reporters.JUnitReportReporter -->
<testsuite hostname="Chandani" name="testcases.TestPublicAPI2" tests="1" failures="0" timestamp="3 Jul 2018 02:32:52 GMT" time="2.887" errors="0">
  <testcase name="verifyContent" time="2.887" classname="testcases.TestPublicAPI2"/>
</testsuite> <!-- testcases.TestPublicAPI2 -->
