<?xml version="1.0" encoding="UTF-8"?>
<!-- Generated by org.testng.reporters.JUnitReportReporter -->
<testsuite hostname="Chandani" name="testcases.TestPublicAPI" tests="2" failures="0" timestamp="3 Jul 2018 02:34:41 GMT" time="3.059" errors="0">
  <testcase name="verifyContent" time="2.888" classname="testcases.TestPublicAPI"/>
  <testcase name="verifyStatus" time="0.171" classname="testcases.TestPublicAPI"/>
</testsuite> <!-- testcases.TestPublicAPI -->
